{"name": "test_check_addtional_sum_of_smth", "status": "failed", "statusDetails": {"message": "AssertionError: assert 6 == 3\n  -6\n  +3", "trace": "self = <tests.test_1.TestOne object at 0x10c38ccf8>\n\n    def test_check_addtional_sum_of_smth(self):\n>       assert self.one + get_two() + get_three() == 3\nE       assert 6 == 3\nE         -6\nE         +3\n\ntests/test_1.py:11: AssertionError"}, "attachments": [{"name": "log", "source": "824edad7-7d02-4269-bceb-26543d14f8b1-attachment.txt", "type": "text/plain"}, {"name": "stdout", "source": "4416493a-f98d-4e71-902e-c9b491c48fb8-attachment.txt", "type": "text/plain"}, {"name": "stderr", "source": "6dcec3e7-b3a5-4819-b804-403bdeb5879d-attachment.txt", "type": "text/plain"}], "start": 1557252661163, "stop": 1557252661163, "uuid": "90fd13d5-4eb3-4257-b592-19c7659b0810", "historyId": "1855881b32297341549b93c1ca812062", "fullName": "tests.test_1.TestOne#test_check_addtional_sum_of_smth", "labels": [{"name": "parentSuite", "value": "tests"}, {"name": "suite", "value": "test_1"}, {"name": "subSuite", "value": "TestOne"}, {"name": "host", "value": "Romans-MacBook-Pro.local"}, {"name": "thread", "value": "29834-MainThread"}, {"name": "framework", "value": "pytest"}, {"name": "language", "value": "cpython3"}, {"name": "package", "value": "tests.test_1"}]}